TN:
SF:src\utils\password.ts
FN:1,(anonymous_0)
FNF:1
FNH:1
FNDA:12,(anonymous_0)
DA:1,1
DA:2,12
DA:3,11
DA:4,10
DA:6,9
DA:7,9
DA:8,9
DA:9,9
DA:11,9
DA:13,2
DA:14,1
DA:15,7
DA:17,5
DA:18,2
DA:21,2
DA:24,2
LF:16
LH:16
BRDA:2,0,0,1
BRDA:2,0,1,11
BRDA:3,1,0,1
BRDA:3,1,1,10
BRDA:4,2,0,1
BRDA:4,2,1,9
BRDA:11,3,0,2
BRDA:11,3,1,7
BRDA:13,4,0,1
BRDA:13,4,1,1
BRDA:15,5,0,5
BRDA:15,5,1,2
BRDA:15,6,0,7
BRDA:15,6,1,7
BRDA:17,7,0,3
BRDA:17,7,1,2
BRDA:17,8,0,5
BRDA:17,8,1,4
BRDA:17,8,2,3
BRDA:18,9,0,1
BRDA:18,9,1,1
BRDA:21,10,0,1
BRDA:21,10,1,1
BRDA:21,11,0,2
BRDA:21,11,1,1
BRF:25
BRH:25
end_of_record
TN:
SF:src\utils\shipping.ts
FN:1,calculateShipping
FNF:1
FNH:1
FNDA:18,calculateShipping
DA:1,1
DA:7,18
DA:8,1
DA:11,17
DA:12,2
DA:16,15
DA:18,15
DA:19,8
DA:20,7
DA:21,4
DA:23,3
DA:27,15
DA:28,5
DA:32,15
DA:33,4
DA:36,15
LF:16
LH:16
BRDA:7,0,0,1
BRDA:7,0,1,17
BRDA:11,1,0,2
BRDA:11,1,1,15
BRDA:11,2,0,17
BRDA:11,2,1,16
BRDA:18,3,0,8
BRDA:18,3,1,7
BRDA:20,4,0,4
BRDA:20,4,1,3
BRDA:27,5,0,5
BRDA:27,5,1,10
BRDA:32,6,0,4
BRDA:32,6,1,11
BRF:14
BRH:14
end_of_record
TN:
SF:src\utils\userValidator.ts
FN:18,validateUserRegistration
FNF:1
FNH:1
FNDA:13,validateUserRegistration
DA:18,1
DA:24,13
DA:25,1
DA:28,12
DA:29,2
DA:33,10
DA:34,1
DA:38,9
DA:39,9
DA:41,9
DA:43,4
DA:47,5
DA:49,2
DA:50,1
DA:52,1
DA:56,3
LF:16
LH:16
BRDA:24,0,0,1
BRDA:24,0,1,12
BRDA:24,1,0,13
BRDA:24,1,1,13
BRDA:28,2,0,2
BRDA:28,2,1,10
BRDA:28,3,0,12
BRDA:28,3,1,11
BRDA:33,4,0,1
BRDA:33,4,1,9
BRDA:33,5,0,10
BRDA:33,5,1,9
BRDA:33,5,2,4
BRDA:41,6,0,4
BRDA:41,6,1,5
BRDA:41,7,0,9
BRDA:41,7,1,6
BRDA:47,8,0,2
BRDA:47,8,1,3
BRDA:49,9,0,1
BRDA:49,9,1,1
BRF:21
BRH:21
end_of_record
